Compiling the CXX compiler identification source file "CMakeCXXCompilerId.cpp" failed.
Compiler: CMAKE_CXX_COMPILER-NOTFOUND 
Build flags: 
Id flags:  

The output was:
No such file or directory


Compiling the CXX compiler identification source file "CMakeCXXCompilerId.cpp" failed.
Compiler: CMAKE_CXX_COMPILER-NOTFOUND 
Build flags: 
Id flags: -c 

The output was:
No such file or directory


Compiling the CXX compiler identification source file "CMakeCXXCompilerId.cpp" failed.
Compiler: CMAKE_CXX_COMPILER-NOTFOUND 
Build flags: 
Id flags: --c++ 

The output was:
No such file or directory


Compiling the CXX compiler identification source file "CMakeCXXCompilerId.cpp" failed.
Compiler: CMAKE_CXX_COMPILER-NOTFOUND 
Build flags: 
Id flags: --ec++ 

The output was:
No such file or directory


Compiling the CXX compiler identification source file "CMakeCXXCompilerId.cpp" failed.
Compiler: CMAKE_CXX_COMPILER-NOTFOUND 
Build flags: 
Id flags: --target=arm-arm-none-eabi;-mcpu=cortex-m3 

The output was:
No such file or directory


Compiling the CXX compiler identification source file "CMakeCXXCompilerId.cpp" failed.
Compiler: CMAKE_CXX_COMPILER-NOTFOUND 
Build flags: 
Id flags:  

The output was:
No such file or directory


Compiling the CXX compiler identification source file "CMakeCXXCompilerId.cpp" failed.
Compiler: CMAKE_CXX_COMPILER-NOTFOUND 
Build flags: 
Id flags: -c 

The output was:
No such file or directory


Compiling the CXX compiler identification source file "CMakeCXXCompilerId.cpp" failed.
Compiler: CMAKE_CXX_COMPILER-NOTFOUND 
Build flags: 
Id flags: --c++ 

The output was:
No such file or directory


Compiling the CXX compiler identification source file "CMakeCXXCompilerId.cpp" failed.
Compiler: CMAKE_CXX_COMPILER-NOTFOUND 
Build flags: 
Id flags: --ec++ 

The output was:
No such file or directory


Compiling the CXX compiler identification source file "CMakeCXXCompilerId.cpp" failed.
Compiler: CMAKE_CXX_COMPILER-NOTFOUND 
Build flags: 
Id flags: --target=arm-arm-none-eabi;-mcpu=cortex-m3 

The output was:
No such file or directory


Performing C SOURCE FILE Test CMAKE_HAVE_LIBC_PTHREAD failed with the following output:
Change Dir: /home/juliengauthier410/l3/s5/tl/tp/a_TP1/automate/build/CMakeFiles/CMakeTmp

Run Build Command(s):/usr/bin/gmake cmTC_426a9/fast && /usr/bin/gmake  -f CMakeFiles/cmTC_426a9.dir/build.make CMakeFiles/cmTC_426a9.dir/build
gmake[1]: Entering directory '/home/juliengauthier410/l3/s5/tl/tp/a_TP1/automate/build/CMakeFiles/CMakeTmp'
Building C object CMakeFiles/cmTC_426a9.dir/src.c.o
/usr/bin/cc   -DCMAKE_HAVE_LIBC_PTHREAD -o CMakeFiles/cmTC_426a9.dir/src.c.o -c /home/juliengauthier410/l3/s5/tl/tp/a_TP1/automate/build/CMakeFiles/CMakeTmp/src.c
Linking C executable cmTC_426a9
/usr/bin/cmake -E cmake_link_script CMakeFiles/cmTC_426a9.dir/link.txt --verbose=1
/usr/bin/cc  -DCMAKE_HAVE_LIBC_PTHREAD CMakeFiles/cmTC_426a9.dir/src.c.o -o cmTC_426a9 
/usr/bin/ld: CMakeFiles/cmTC_426a9.dir/src.c.o: in function `main':
src.c:(.text+0x2f): undefined reference to `pthread_create'
/usr/bin/ld: src.c:(.text+0x3b): undefined reference to `pthread_detach'
/usr/bin/ld: src.c:(.text+0x47): undefined reference to `pthread_cancel'
/usr/bin/ld: src.c:(.text+0x58): undefined reference to `pthread_join'
collect2: error: ld returned 1 exit status
gmake[1]: *** [CMakeFiles/cmTC_426a9.dir/build.make:106: cmTC_426a9] Error 1
gmake[1]: Leaving directory '/home/juliengauthier410/l3/s5/tl/tp/a_TP1/automate/build/CMakeFiles/CMakeTmp'
gmake: *** [Makefile:140: cmTC_426a9/fast] Error 2


Source file was:
#include <pthread.h>

void* test_func(void* data)
{
  return data;
}

int main(void)
{
  pthread_t thread;
  pthread_create(&thread, NULL, test_func, NULL);
  pthread_detach(thread);
  pthread_cancel(thread);
  pthread_join(thread, NULL);
  pthread_atfork(NULL, NULL, NULL);
  pthread_exit(NULL);

  return 0;
}

Determining if the function pthread_create exists in the pthreads failed with the following output:
Change Dir: /home/juliengauthier410/l3/s5/tl/tp/a_TP1/automate/build/CMakeFiles/CMakeTmp

Run Build Command(s):/usr/bin/gmake cmTC_07aa7/fast && /usr/bin/gmake  -f CMakeFiles/cmTC_07aa7.dir/build.make CMakeFiles/cmTC_07aa7.dir/build
gmake[1]: Entering directory '/home/juliengauthier410/l3/s5/tl/tp/a_TP1/automate/build/CMakeFiles/CMakeTmp'
Building C object CMakeFiles/cmTC_07aa7.dir/CheckFunctionExists.c.o
/usr/bin/cc   -DCHECK_FUNCTION_EXISTS=pthread_create -o CMakeFiles/cmTC_07aa7.dir/CheckFunctionExists.c.o -c /usr/share/cmake-3.18/Modules/CheckFunctionExists.c
Linking C executable cmTC_07aa7
/usr/bin/cmake -E cmake_link_script CMakeFiles/cmTC_07aa7.dir/link.txt --verbose=1
/usr/bin/cc  -DCHECK_FUNCTION_EXISTS=pthread_create CMakeFiles/cmTC_07aa7.dir/CheckFunctionExists.c.o -o cmTC_07aa7  -lpthreads 
/usr/bin/ld: cannot find -lpthreads
collect2: error: ld returned 1 exit status
gmake[1]: *** [CMakeFiles/cmTC_07aa7.dir/build.make:106: cmTC_07aa7] Error 1
gmake[1]: Leaving directory '/home/juliengauthier410/l3/s5/tl/tp/a_TP1/automate/build/CMakeFiles/CMakeTmp'
gmake: *** [Makefile:140: cmTC_07aa7/fast] Error 2



Performing C SOURCE FILE Test CMAKE_HAVE_LIBC_PTHREAD failed with the following output:
Change Dir: /home/juliengauthier410/l3/s5/tl/tp/TP/automate/build/CMakeFiles/CMakeTmp

Run Build Command(s):/usr/bin/gmake cmTC_62e72/fast && gmake[1]: Entering directory '/home/juliengauthier410/l3/s5/tl/tp/TP/automate/build/CMakeFiles/CMakeTmp'
/usr/bin/gmake  -f CMakeFiles/cmTC_62e72.dir/build.make CMakeFiles/cmTC_62e72.dir/build
gmake[2]: Entering directory '/home/juliengauthier410/l3/s5/tl/tp/TP/automate/build/CMakeFiles/CMakeTmp'
Building C object CMakeFiles/cmTC_62e72.dir/src.c.o
/usr/bin/cc   -DCMAKE_HAVE_LIBC_PTHREAD -o CMakeFiles/cmTC_62e72.dir/src.c.o -c /home/juliengauthier410/l3/s5/tl/tp/TP/automate/build/CMakeFiles/CMakeTmp/src.c
Linking C executable cmTC_62e72
/usr/bin/cmake -E cmake_link_script CMakeFiles/cmTC_62e72.dir/link.txt --verbose=1
/usr/bin/cc  -DCMAKE_HAVE_LIBC_PTHREAD CMakeFiles/cmTC_62e72.dir/src.c.o -o cmTC_62e72 
/usr/bin/ld: CMakeFiles/cmTC_62e72.dir/src.c.o: in function `main':
src.c:(.text+0x2f): undefined reference to `pthread_create'
/usr/bin/ld: src.c:(.text+0x3b): undefined reference to `pthread_detach'
/usr/bin/ld: src.c:(.text+0x47): undefined reference to `pthread_cancel'
/usr/bin/ld: src.c:(.text+0x58): undefined reference to `pthread_join'
collect2: error: ld returned 1 exit status
gmake[2]: *** [CMakeFiles/cmTC_62e72.dir/build.make:106: cmTC_62e72] Error 1
gmake[2]: Leaving directory '/home/juliengauthier410/l3/s5/tl/tp/TP/automate/build/CMakeFiles/CMakeTmp'
gmake[1]: *** [Makefile:140: cmTC_62e72/fast] Error 2
gmake[1]: Leaving directory '/home/juliengauthier410/l3/s5/tl/tp/TP/automate/build/CMakeFiles/CMakeTmp'


Source file was:
#include <pthread.h>

void* test_func(void* data)
{
  return data;
}

int main(void)
{
  pthread_t thread;
  pthread_create(&thread, NULL, test_func, NULL);
  pthread_detach(thread);
  pthread_cancel(thread);
  pthread_join(thread, NULL);
  pthread_atfork(NULL, NULL, NULL);
  pthread_exit(NULL);

  return 0;
}

Determining if the function pthread_create exists in the pthreads failed with the following output:
Change Dir: /home/juliengauthier410/l3/s5/tl/tp/TP/automate/build/CMakeFiles/CMakeTmp

Run Build Command(s):/usr/bin/gmake cmTC_fb8bf/fast && gmake[1]: Entering directory '/home/juliengauthier410/l3/s5/tl/tp/TP/automate/build/CMakeFiles/CMakeTmp'
/usr/bin/gmake  -f CMakeFiles/cmTC_fb8bf.dir/build.make CMakeFiles/cmTC_fb8bf.dir/build
gmake[2]: Entering directory '/home/juliengauthier410/l3/s5/tl/tp/TP/automate/build/CMakeFiles/CMakeTmp'
Building C object CMakeFiles/cmTC_fb8bf.dir/CheckFunctionExists.c.o
/usr/bin/cc   -DCHECK_FUNCTION_EXISTS=pthread_create -o CMakeFiles/cmTC_fb8bf.dir/CheckFunctionExists.c.o -c /usr/share/cmake-3.18/Modules/CheckFunctionExists.c
Linking C executable cmTC_fb8bf
/usr/bin/cmake -E cmake_link_script CMakeFiles/cmTC_fb8bf.dir/link.txt --verbose=1
/usr/bin/cc  -DCHECK_FUNCTION_EXISTS=pthread_create CMakeFiles/cmTC_fb8bf.dir/CheckFunctionExists.c.o -o cmTC_fb8bf  -lpthreads 
/usr/bin/ld: cannot find -lpthreads
collect2: error: ld returned 1 exit status
gmake[2]: *** [CMakeFiles/cmTC_fb8bf.dir/build.make:106: cmTC_fb8bf] Error 1
gmake[2]: Leaving directory '/home/juliengauthier410/l3/s5/tl/tp/TP/automate/build/CMakeFiles/CMakeTmp'
gmake[1]: *** [Makefile:140: cmTC_fb8bf/fast] Error 2
gmake[1]: Leaving directory '/home/juliengauthier410/l3/s5/tl/tp/TP/automate/build/CMakeFiles/CMakeTmp'



