Performing C SOURCE FILE Test CMAKE_HAVE_LIBC_PTHREAD failed with the following output:
Change Dir: /home/juliengauthier410/l3/s5/tl/tp/tp/automate/build/CMakeFiles/CMakeTmp

Run Build Command(s):/usr/bin/gmake cmTC_fc155/fast && /usr/bin/gmake  -f CMakeFiles/cmTC_fc155.dir/build.make CMakeFiles/cmTC_fc155.dir/build
gmake[1]: Entering directory '/home/juliengauthier410/l3/s5/tl/tp/tp/automate/build/CMakeFiles/CMakeTmp'
Building C object CMakeFiles/cmTC_fc155.dir/src.c.o
/usr/bin/cc   -DCMAKE_HAVE_LIBC_PTHREAD -o CMakeFiles/cmTC_fc155.dir/src.c.o -c /home/juliengauthier410/l3/s5/tl/tp/tp/automate/build/CMakeFiles/CMakeTmp/src.c
Linking C executable cmTC_fc155
/usr/bin/cmake -E cmake_link_script CMakeFiles/cmTC_fc155.dir/link.txt --verbose=1
/usr/bin/cc  -DCMAKE_HAVE_LIBC_PTHREAD CMakeFiles/cmTC_fc155.dir/src.c.o -o cmTC_fc155 
/usr/bin/ld: CMakeFiles/cmTC_fc155.dir/src.c.o: in function `main':
src.c:(.text+0x2f): undefined reference to `pthread_create'
/usr/bin/ld: src.c:(.text+0x3b): undefined reference to `pthread_detach'
/usr/bin/ld: src.c:(.text+0x47): undefined reference to `pthread_cancel'
/usr/bin/ld: src.c:(.text+0x58): undefined reference to `pthread_join'
collect2: error: ld returned 1 exit status
gmake[1]: *** [CMakeFiles/cmTC_fc155.dir/build.make:106: cmTC_fc155] Error 1
gmake[1]: Leaving directory '/home/juliengauthier410/l3/s5/tl/tp/tp/automate/build/CMakeFiles/CMakeTmp'
gmake: *** [Makefile:140: cmTC_fc155/fast] Error 2


Source file was:
#include <pthread.h>

void* test_func(void* data)
{
  return data;
}

int main(void)
{
  pthread_t thread;
  pthread_create(&thread, NULL, test_func, NULL);
  pthread_detach(thread);
  pthread_cancel(thread);
  pthread_join(thread, NULL);
  pthread_atfork(NULL, NULL, NULL);
  pthread_exit(NULL);

  return 0;
}

Determining if the function pthread_create exists in the pthreads failed with the following output:
Change Dir: /home/juliengauthier410/l3/s5/tl/tp/tp/automate/build/CMakeFiles/CMakeTmp

Run Build Command(s):/usr/bin/gmake cmTC_c05bd/fast && /usr/bin/gmake  -f CMakeFiles/cmTC_c05bd.dir/build.make CMakeFiles/cmTC_c05bd.dir/build
gmake[1]: Entering directory '/home/juliengauthier410/l3/s5/tl/tp/tp/automate/build/CMakeFiles/CMakeTmp'
Building C object CMakeFiles/cmTC_c05bd.dir/CheckFunctionExists.c.o
/usr/bin/cc   -DCHECK_FUNCTION_EXISTS=pthread_create -o CMakeFiles/cmTC_c05bd.dir/CheckFunctionExists.c.o -c /usr/share/cmake-3.18/Modules/CheckFunctionExists.c
Linking C executable cmTC_c05bd
/usr/bin/cmake -E cmake_link_script CMakeFiles/cmTC_c05bd.dir/link.txt --verbose=1
/usr/bin/cc  -DCHECK_FUNCTION_EXISTS=pthread_create CMakeFiles/cmTC_c05bd.dir/CheckFunctionExists.c.o -o cmTC_c05bd  -lpthreads 
/usr/bin/ld: cannot find -lpthreads
collect2: error: ld returned 1 exit status
gmake[1]: *** [CMakeFiles/cmTC_c05bd.dir/build.make:106: cmTC_c05bd] Error 1
gmake[1]: Leaving directory '/home/juliengauthier410/l3/s5/tl/tp/tp/automate/build/CMakeFiles/CMakeTmp'
gmake: *** [Makefile:140: cmTC_c05bd/fast] Error 2



